[2026-06-22T00:23:04.9014443+08:00] INFO Tray service initialized.
[2026-06-22T00:23:04.9072930+08:00] INFO Reminder service started. Scan interval: 5 seconds.
[2026-06-22T00:23:05.0670594+08:00] INFO Reminder scan at 2026-06-22T00:23:04.9103020+08:00. Due reminders: 1.
[2026-06-22T00:23:05.1968154+08:00] INFO Reminder sent. TodoId=59de7335-5a42-4bdd-8b1d-5e2ce49d20ee, Title=test, Count=1/3.
[2026-06-22T00:23:09.9144861+08:00] INFO Reminder scan at 2026-06-22T00:23:09.9089606+08:00. Due reminders: 0.
[2026-06-22T00:23:14.9248507+08:00] INFO Reminder scan at 2026-06-22T00:23:14.9236712+08:00. Due reminders: 1.
[2026-06-22T00:23:14.9422858+08:00] INFO Reminder sent. TodoId=452ce826-2088-474a-9712-985846bfc894, Title=test, Count=1/3.
[2026-06-22T00:23:19.9549567+08:00] INFO Reminder scan at 2026-06-22T00:23:19.9542038+08:00. Due reminders: 0.
[2026-06-22T00:23:24.9480474+08:00] INFO Reminder scan at 2026-06-22T00:23:24.9457854+08:00. Due reminders: 0.
[2026-06-22T00:23:29.9499590+08:00] INFO Reminder scan at 2026-06-22T00:23:29.9491895+08:00. Due reminders: 0.
[2026-06-22T00:23:34.9518583+08:00] INFO Reminder scan at 2026-06-22T00:23:34.9511873+08:00. Due reminders: 0.
[2026-06-22T00:23:39.9758130+08:00] INFO Reminder scan at 2026-06-22T00:23:39.9750942+08:00. Due reminders: 0.
[2026-06-22T00:23:43.0941351+08:00] INFO Add big todo requested. Title length: 3.
[2026-06-22T00:23:45.0416612+08:00] INFO Reminder scan at 2026-06-22T00:23:45.0409790+08:00. Due reminders: 0.
[2026-06-22T00:23:50.1058541+08:00] INFO Reminder scan at 2026-06-22T00:23:50.1050341+08:00. Due reminders: 0.
[2026-06-22T00:23:55.1085700+08:00] INFO Reminder scan at 2026-06-22T00:23:55.1079648+08:00. Due reminders: 0.
[2026-06-22T00:24:00.1078597+08:00] INFO Reminder scan at 2026-06-22T00:24:00.1070907+08:00. Due reminders: 0.
[2026-06-22T00:24:05.1042834+08:00] INFO Reminder scan at 2026-06-22T00:24:05.1033677+08:00. Due reminders: 0.
[2026-06-22T00:24:09.5006384+08:00] INFO Todo settings saved. TodoId=447ce2db-e858-4f05-9399-bd7c4903f527, Title=写作业, DueAt=2026-06-24T18:00:00.0000000, ReminderEnabled=False, NextReminderAt=, MaxCount=3, IntervalMinutes=30.
[2026-06-22T00:24:10.1209006+08:00] INFO Reminder scan at 2026-06-22T00:24:10.1202837+08:00. Due reminders: 0.
[2026-06-22T00:24:15.1181571+08:00] INFO Reminder scan at 2026-06-22T00:24:15.1175711+08:00. Due reminders: 0.
[2026-06-22T00:24:20.1248471+08:00] INFO Reminder scan at 2026-06-22T00:24:20.1242480+08:00. Due reminders: 0.
[2026-06-22T00:24:25.1191016+08:00] INFO Reminder scan at 2026-06-22T00:24:25.1184872+08:00. Due reminders: 0.
[2026-06-22T00:24:30.1305065+08:00] INFO Reminder scan at 2026-06-22T00:24:30.1297665+08:00. Due reminders: 0.
[2026-06-22T00:24:35.1245092+08:00] INFO Reminder scan at 2026-06-22T00:24:35.1238391+08:00. Due reminders: 0.
[2026-06-22T00:24:40.1495357+08:00] INFO Reminder scan at 2026-06-22T00:24:40.1489628+08:00. Due reminders: 0.
[2026-06-22T00:24:45.1560720+08:00] INFO Reminder scan at 2026-06-22T00:24:45.1554924+08:00. Due reminders: 0.
[2026-06-22T00:24:50.1598241+08:00] INFO Reminder scan at 2026-06-22T00:24:50.1592510+08:00. Due reminders: 0.
[2026-06-22T00:24:55.1640629+08:00] INFO Reminder scan at 2026-06-22T00:24:55.1631884+08:00. Due reminders: 0.
[2026-06-22T00:25:00.1674176+08:00] INFO Reminder scan at 2026-06-22T00:25:00.1660678+08:00. Due reminders: 0.
[2026-06-22T00:25:05.1678832+08:00] INFO Reminder scan at 2026-06-22T00:25:05.1666842+08:00. Due reminders: 0.
[2026-06-22T00:25:10.1712236+08:00] INFO Reminder scan at 2026-06-22T00:25:10.1704334+08:00. Due reminders: 0.
[2026-06-22T00:25:15.1757842+08:00] INFO Reminder scan at 2026-06-22T00:25:15.1750763+08:00. Due reminders: 0.
[2026-06-22T00:25:20.1760127+08:00] INFO Reminder scan at 2026-06-22T00:25:20.1750974+08:00. Due reminders: 0.
[2026-06-22T00:25:25.1653719+08:00] INFO Reminder scan at 2026-06-22T00:25:25.1644454+08:00. Due reminders: 0.
[2026-06-22T00:25:30.1776741+08:00] INFO Reminder scan at 2026-06-22T00:25:30.1768005+08:00. Due reminders: 0.
[2026-06-22T00:25:35.1707406+08:00] INFO Reminder scan at 2026-06-22T00:25:35.1701314+08:00. Due reminders: 0.
[2026-06-22T00:25:40.1652536+08:00] INFO Reminder scan at 2026-06-22T00:25:40.1644095+08:00. Due reminders: 0.
[2026-06-22T00:25:45.1737418+08:00] INFO Reminder scan at 2026-06-22T00:25:45.1732074+08:00. Due reminders: 0.
[2026-06-22T00:38:11.8629487+08:00] INFO Tray service initialized.
[2026-06-22T00:38:11.8651886+08:00] INFO Reminder service started. Scan interval: 5 seconds.
[2026-06-22T00:38:11.9259044+08:00] INFO Reminder scan at 2026-06-22T00:38:11.8671274+08:00. Due reminders: 0.
[2026-06-22T00:38:16.8744014+08:00] INFO Reminder scan at 2026-06-22T00:38:16.8720876+08:00. Due reminders: 0.
[2026-06-22T00:38:21.8876578+08:00] INFO Reminder scan at 2026-06-22T00:38:21.8865396+08:00. Due reminders: 0.
[2026-06-22T00:38:26.8912008+08:00] INFO Reminder scan at 2026-06-22T00:38:26.8903912+08:00. Due reminders: 0.
[2026-06-22T00:38:31.8834237+08:00] INFO Reminder scan at 2026-06-22T00:38:31.8822661+08:00. Due reminders: 0.
[2026-06-22T00:38:38.2738087+08:00] INFO Tray service initialized.
[2026-06-22T00:38:38.2760953+08:00] INFO Reminder service started. Scan interval: 5 seconds.
[2026-06-22T00:38:38.3241275+08:00] INFO Reminder scan at 2026-06-22T00:38:38.2784567+08:00. Due reminders: 0.
[2026-06-22T00:38:43.2880469+08:00] INFO Reminder scan at 2026-06-22T00:38:43.2857743+08:00. Due reminders: 0.
[2026-06-22T00:38:48.2988043+08:00] INFO Reminder scan at 2026-06-22T00:38:48.2978771+08:00. Due reminders: 0.
[2026-06-22T00:38:53.2983649+08:00] INFO Reminder scan at 2026-06-22T00:38:53.2976048+08:00. Due reminders: 0.
[2026-06-22T00:38:58.3032886+08:00] INFO Reminder scan at 2026-06-22T00:38:58.3024540+08:00. Due reminders: 0.
[2026-06-22T00:39:03.3024171+08:00] INFO Reminder scan at 2026-06-22T00:39:03.3013517+08:00. Due reminders: 0.
[2026-06-22T00:39:06.0678749+08:00] INFO Add big todo requested. Title length: 2.
[2026-06-22T00:39:08.3001337+08:00] INFO Reminder scan at 2026-06-22T00:39:08.2994043+08:00. Due reminders: 0.
[2026-06-22T00:39:13.3014628+08:00] INFO Reminder scan at 2026-06-22T00:39:13.3007618+08:00. Due reminders: 0.
[2026-06-22T00:39:18.2943483+08:00] INFO Reminder scan at 2026-06-22T00:39:18.2936341+08:00. Due reminders: 0.
[2026-06-22T00:39:23.2996456+08:00] INFO Reminder scan at 2026-06-22T00:39:23.2989397+08:00. Due reminders: 0.
[2026-06-22T00:39:28.2921518+08:00] INFO Reminder scan at 2026-06-22T00:39:28.2915257+08:00. Due reminders: 0.
[2026-06-22T00:39:33.3063382+08:00] INFO Reminder scan at 2026-06-22T00:39:33.3056722+08:00. Due reminders: 0.
[2026-06-22T00:39:38.3127919+08:00] INFO Reminder scan at 2026-06-22T00:39:38.3118676+08:00. Due reminders: 0.
[2026-06-22T00:39:42.9115112+08:00] INFO Todo settings saved. TodoId=c4b72eda-97f5-4c5e-90ca-29cba995f6e8, Title=力扣, DueAt=, ReminderEnabled=True, NextReminderAt=, MaxCount=3, IntervalMinutes=30.
[2026-06-22T00:39:43.3833314+08:00] INFO Reminder scan at 2026-06-22T00:39:43.3825985+08:00. Due reminders: 0.
[2026-06-22T00:39:44.5823209+08:00] INFO Todo settings saved. TodoId=c4b72eda-97f5-4c5e-90ca-29cba995f6e8, Title=力扣, DueAt=, ReminderEnabled=True, NextReminderAt=, MaxCount=3, IntervalMinutes=30.
[2026-06-22T00:39:48.3887197+08:00] INFO Reminder scan at 2026-06-22T00:39:48.3880348+08:00. Due reminders: 0.
[2026-06-22T00:39:53.3939289+08:00] INFO Reminder scan at 2026-06-22T00:39:53.3930638+08:00. Due reminders: 0.
[2026-06-22T00:39:58.3844479+08:00] INFO Reminder scan at 2026-06-22T00:39:58.3838245+08:00. Due reminders: 0.
[2026-06-22T00:40:03.4169439+08:00] INFO Reminder scan at 2026-06-22T00:40:03.4163051+08:00. Due reminders: 0.
[2026-06-22T00:40:08.4171915+08:00] INFO Reminder scan at 2026-06-22T00:40:08.4165729+08:00. Due reminders: 0.
[2026-06-22T00:40:13.4224103+08:00] INFO Reminder scan at 2026-06-22T00:40:13.4217679+08:00. Due reminders: 0.
[2026-06-22T00:40:18.4242180+08:00] INFO Reminder scan at 2026-06-22T00:40:18.4236188+08:00. Due reminders: 0.
[2026-06-22T00:40:23.4264520+08:00] INFO Reminder scan at 2026-06-22T00:40:23.4257744+08:00. Due reminders: 0.
